<?xml version="1.0" encoding="UTF-8" standalone="yes" ?>
<test-results name="D:\dev\Delphi\SAM\FullStartFinal\UnitTestCon\Win32\Debug\UnitTestCon.exe" total="4" errors="0" failures="1" ignored="0" inconclusive="0" not-run="0" skipped="0" invalid="0" date="2017-05-05" time="2.543">
  <culture-info current-culture="en" current-uiculture="en" />
  <test-suite type="Assembly" name="UnitTestCon.exe" executed="true" result="Failure" success="False" time="2.543" asserts="0">
    <results>
        <test-suite type="Namespace" name="Unit2" executed="true" result="Failure" success="False" time="2.543" asserts="0" >
          <results>
              <test-suite type="Fixture" name="THotelServerApi" executed="True" result="Failure" success="False" time="2.543" >
                <results>
                  <test-case name="Test1.CorrectLogin" executed="True" result="Success" success="True" time="0.396" asserts="0" />
                  <test-case name="Test1.IncorrectLogin" executed="True" result="Success" success="True" time="0.288" asserts="0" />
                  <test-case name="Test2.MessageCount for admin" executed="True" result="Success" success="True" time="0.860" asserts="0" />
                  <test-case name="Test2.MessageCount for somebody" executed="True" result="Failure" success="False" time="0.920" asserts="0" >
                    <failure>
                      <message>
                        <![CDATA[ Condition is False when True expected. [] ]]>
                      </message>
                      <stack-trace>
                        <![CDATA[  ]]>
                      </stack-trace>
                    </failure>
                  </test-case>
                </results>
              </test-suite>
          </results>
        </test-suite>
    </results>
  </test-suite>
</test-results>
